[0.021s] Invoking command in '/home/madkane/ros2_ws/src/clankers_robot_project/my_robot_nav/build/my_robot_nav': CMAKE_PREFIX_PATH=${CMAKE_PREFIX_PATH}:/opt/ros/jazzy /usr/bin/cmake /home/madkane/ros2_ws/src/clankers_robot_project/my_robot_nav -DCMAKE_INSTALL_PREFIX=/home/madkane/ros2_ws/src/clankers_robot_project/my_robot_nav/install/my_robot_nav
[0.086s] [33mCMake Warning (dev) in CMakeLists.txt:
[0.086s]   No project() command is present.  The top-level CMakeLists.txt file must
[0.086s]   contain a literal, direct call to the project() command.  Add a line of
[0.087s]   code such as
[0.087s] 
[0.087s]     project(ProjectName)
[0.087s] 
[0.087s]   near the top of the file, but after cmake_minimum_required().
[0.087s] 
[0.087s]   CMake is pretending there is a "project(Project)" command on the first
[0.087s]   line.
[0.087s] This warning is for project developers.  Use -Wno-dev to suppress it.
[0.087s] [0m
[0.087s] [33mCMake Warning (dev) in CMakeLists.txt:
[0.087s]   cmake_minimum_required() should be called prior to this top-level project()
[0.087s]   call.  Please see the cmake-commands(7) manual for usage documentation of
[0.087s]   both commands.
[0.087s] This warning is for project developers.  Use -Wno-dev to suppress it.
[0.087s] [0m
[0.326s] -- The C compiler identification is GNU 13.3.0
[1.045s] -- The CXX compiler identification is GNU 13.3.0
[2.594s] -- Detecting C compiler ABI info
[3.042s] -- Detecting C compiler ABI info - done
[3.048s] -- Check for working C compiler: /usr/bin/cc - skipped
[3.051s] -- Detecting C compile features
[3.051s] -- Detecting C compile features - done
[3.292s] -- Detecting CXX compiler ABI info
[3.825s] -- Detecting CXX compiler ABI info - done
[3.831s] -- Check for working CXX compiler: /usr/bin/c++ - skipped
[3.831s] -- Detecting CXX compile features
[3.831s] -- Detecting CXX compile features - done
[3.832s] [31mCMake Error at CMakeLists.txt:16 (ament_package):
[3.832s]   Unknown CMake command "ament_package".
[3.832s] 
[3.832s] [0m
[3.832s] [33mCMake Warning (dev) in CMakeLists.txt:
[3.832s]   No cmake_minimum_required command is present.  A line of code such as
[3.832s] 
[3.832s]     cmake_minimum_required(VERSION 3.28)
[3.832s] 
[3.832s]   should be added at the top of the file.  The version specified may be lower
[3.832s]   if you wish to support older CMake versions for this project.  For more
[3.832s]   information run "cmake --help-policy CMP0000".
[3.833s] This warning is for project developers.  Use -Wno-dev to suppress it.
[3.833s] [0m
[3.833s] -- Configuring incomplete, errors occurred!
[3.836s] Invoked command in '/home/madkane/ros2_ws/src/clankers_robot_project/my_robot_nav/build/my_robot_nav' returned '1': CMAKE_PREFIX_PATH=${CMAKE_PREFIX_PATH}:/opt/ros/jazzy /usr/bin/cmake /home/madkane/ros2_ws/src/clankers_robot_project/my_robot_nav -DCMAKE_INSTALL_PREFIX=/home/madkane/ros2_ws/src/clankers_robot_project/my_robot_nav/install/my_robot_nav
