-- Install configuration: ""
-- Up-to-date: /home/madkane/ros2_ws/src/clankers_robot_project/my_robot_nav/install/my_robot_nav/share/my_robot_nav/config
-- Installing: /home/madkane/ros2_ws/src/clankers_robot_project/my_robot_nav/install/my_robot_nav/share/my_robot_nav/config/nav2_params.yaml
-- Up-to-date: /home/madkane/ros2_ws/src/clankers_robot_project/my_robot_nav/install/my_robot_nav/share/my_robot_nav/maps
-- Installing: /home/madkane/ros2_ws/src/clankers_robot_project/my_robot_nav/install/my_robot_nav/share/my_robot_nav/maps/partial_map_save.data
-- Installing: /home/madkane/ros2_ws/src/clankers_robot_project/my_robot_nav/install/my_robot_nav/share/my_robot_nav/maps/partial_map_save.posegraph
-- Up-to-date: /home/madkane/ros2_ws/src/clankers_robot_project/my_robot_nav/install/my_robot_nav/share/ament_index/resource_index/package_run_dependencies/my_robot_nav
-- Up-to-date: /home/madkane/ros2_ws/src/clankers_robot_project/my_robot_nav/install/my_robot_nav/share/ament_index/resource_index/parent_prefix_path/my_robot_nav
-- Up-to-date: /home/madkane/ros2_ws/src/clankers_robot_project/my_robot_nav/install/my_robot_nav/share/my_robot_nav/environment/ament_prefix_path.sh
-- Up-to-date: /home/madkane/ros2_ws/src/clankers_robot_project/my_robot_nav/install/my_robot_nav/share/my_robot_nav/environment/ament_prefix_path.dsv
-- Up-to-date: /home/madkane/ros2_ws/src/clankers_robot_project/my_robot_nav/install/my_robot_nav/share/my_robot_nav/environment/path.sh
-- Up-to-date: /home/madkane/ros2_ws/src/clankers_robot_project/my_robot_nav/install/my_robot_nav/share/my_robot_nav/environment/path.dsv
-- Up-to-date: /home/madkane/ros2_ws/src/clankers_robot_project/my_robot_nav/install/my_robot_nav/share/my_robot_nav/local_setup.bash
-- Up-to-date: /home/madkane/ros2_ws/src/clankers_robot_project/my_robot_nav/install/my_robot_nav/share/my_robot_nav/local_setup.sh
-- Up-to-date: /home/madkane/ros2_ws/src/clankers_robot_project/my_robot_nav/install/my_robot_nav/share/my_robot_nav/local_setup.zsh
-- Up-to-date: /home/madkane/ros2_ws/src/clankers_robot_project/my_robot_nav/install/my_robot_nav/share/my_robot_nav/local_setup.dsv
-- Up-to-date: /home/madkane/ros2_ws/src/clankers_robot_project/my_robot_nav/install/my_robot_nav/share/my_robot_nav/package.dsv
-- Up-to-date: /home/madkane/ros2_ws/src/clankers_robot_project/my_robot_nav/install/my_robot_nav/share/ament_index/resource_index/packages/my_robot_nav
-- Up-to-date: /home/madkane/ros2_ws/src/clankers_robot_project/my_robot_nav/install/my_robot_nav/share/my_robot_nav/cmake/my_robot_navConfig.cmake
-- Up-to-date: /home/madkane/ros2_ws/src/clankers_robot_project/my_robot_nav/install/my_robot_nav/share/my_robot_nav/cmake/my_robot_navConfig-version.cmake
-- Up-to-date: /home/madkane/ros2_ws/src/clankers_robot_project/my_robot_nav/install/my_robot_nav/share/my_robot_nav/package.xml
