[0.013s] Invoking command in '/home/madkane/ros2_ws/src/clankers_robot_project/my_robot_nav/build/my_robot_nav': CMAKE_PREFIX_PATH=${CMAKE_PREFIX_PATH}:/opt/ros/jazzy /usr/bin/cmake --build /home/madkane/ros2_ws/src/clankers_robot_project/my_robot_nav/build/my_robot_nav -- -j16 -l16
[0.082s] Invoked command in '/home/madkane/ros2_ws/src/clankers_robot_project/my_robot_nav/build/my_robot_nav' returned '0': CMAKE_PREFIX_PATH=${CMAKE_PREFIX_PATH}:/opt/ros/jazzy /usr/bin/cmake --build /home/madkane/ros2_ws/src/clankers_robot_project/my_robot_nav/build/my_robot_nav -- -j16 -l16
[0.090s] Invoking command in '/home/madkane/ros2_ws/src/clankers_robot_project/my_robot_nav/build/my_robot_nav': CMAKE_PREFIX_PATH=${CMAKE_PREFIX_PATH}:/opt/ros/jazzy /usr/bin/cmake --install /home/madkane/ros2_ws/src/clankers_robot_project/my_robot_nav/build/my_robot_nav
[0.096s] -- Install configuration: ""
[0.097s] -- Up-to-date: /home/madkane/ros2_ws/src/clankers_robot_project/my_robot_nav/install/my_robot_nav/share/my_robot_nav/config
[0.097s] -- Installing: /home/madkane/ros2_ws/src/clankers_robot_project/my_robot_nav/install/my_robot_nav/share/my_robot_nav/config/nav2_params.yaml
[0.098s] -- Up-to-date: /home/madkane/ros2_ws/src/clankers_robot_project/my_robot_nav/install/my_robot_nav/share/my_robot_nav/maps
[0.098s] -- Installing: /home/madkane/ros2_ws/src/clankers_robot_project/my_robot_nav/install/my_robot_nav/share/my_robot_nav/maps/partial_map_save.data
[0.099s] -- Installing: /home/madkane/ros2_ws/src/clankers_robot_project/my_robot_nav/install/my_robot_nav/share/my_robot_nav/maps/partial_map_save.posegraph
[0.106s] -- Up-to-date: /home/madkane/ros2_ws/src/clankers_robot_project/my_robot_nav/install/my_robot_nav/share/ament_index/resource_index/package_run_dependencies/my_robot_nav
[0.107s] -- Up-to-date: /home/madkane/ros2_ws/src/clankers_robot_project/my_robot_nav/install/my_robot_nav/share/ament_index/resource_index/parent_prefix_path/my_robot_nav
[0.107s] -- Up-to-date: /home/madkane/ros2_ws/src/clankers_robot_project/my_robot_nav/install/my_robot_nav/share/my_robot_nav/environment/ament_prefix_path.sh
[0.107s] -- Up-to-date: /home/madkane/ros2_ws/src/clankers_robot_project/my_robot_nav/install/my_robot_nav/share/my_robot_nav/environment/ament_prefix_path.dsv
[0.107s] -- Up-to-date: /home/madkane/ros2_ws/src/clankers_robot_project/my_robot_nav/install/my_robot_nav/share/my_robot_nav/environment/path.sh
[0.107s] -- Up-to-date: /home/madkane/ros2_ws/src/clankers_robot_project/my_robot_nav/install/my_robot_nav/share/my_robot_nav/environment/path.dsv
[0.108s] -- Up-to-date: /home/madkane/ros2_ws/src/clankers_robot_project/my_robot_nav/install/my_robot_nav/share/my_robot_nav/local_setup.bash
[0.108s] -- Up-to-date: /home/madkane/ros2_ws/src/clankers_robot_project/my_robot_nav/install/my_robot_nav/share/my_robot_nav/local_setup.sh
[0.108s] -- Up-to-date: /home/madkane/ros2_ws/src/clankers_robot_project/my_robot_nav/install/my_robot_nav/share/my_robot_nav/local_setup.zsh
[0.108s] -- Up-to-date: /home/madkane/ros2_ws/src/clankers_robot_project/my_robot_nav/install/my_robot_nav/share/my_robot_nav/local_setup.dsv
[0.108s] -- Up-to-date: /home/madkane/ros2_ws/src/clankers_robot_project/my_robot_nav/install/my_robot_nav/share/my_robot_nav/package.dsv
[0.108s] -- Up-to-date: /home/madkane/ros2_ws/src/clankers_robot_project/my_robot_nav/install/my_robot_nav/share/ament_index/resource_index/packages/my_robot_nav
[0.108s] -- Up-to-date: /home/madkane/ros2_ws/src/clankers_robot_project/my_robot_nav/install/my_robot_nav/share/my_robot_nav/cmake/my_robot_navConfig.cmake
[0.108s] -- Up-to-date: /home/madkane/ros2_ws/src/clankers_robot_project/my_robot_nav/install/my_robot_nav/share/my_robot_nav/cmake/my_robot_navConfig-version.cmake
[0.108s] -- Up-to-date: /home/madkane/ros2_ws/src/clankers_robot_project/my_robot_nav/install/my_robot_nav/share/my_robot_nav/package.xml
[0.110s] Invoked command in '/home/madkane/ros2_ws/src/clankers_robot_project/my_robot_nav/build/my_robot_nav' returned '0': CMAKE_PREFIX_PATH=${CMAKE_PREFIX_PATH}:/opt/ros/jazzy /usr/bin/cmake --install /home/madkane/ros2_ws/src/clankers_robot_project/my_robot_nav/build/my_robot_nav
