[0.008s] Invoking command in '/home/madkane/ros2_ws/src/clankers_robot_project/my_robot_nav/build/my_robot_nav': CMAKE_PREFIX_PATH=${CMAKE_PREFIX_PATH}:/opt/ros/jazzy /usr/bin/cmake /home/madkane/ros2_ws/src/clankers_robot_project/my_robot_nav -DCMAKE_INSTALL_PREFIX=/home/madkane/ros2_ws/src/clankers_robot_project/my_robot_nav/install/my_robot_nav
[0.050s] -- Found ament_cmake: 2.5.5 (/opt/ros/jazzy/share/ament_cmake/cmake)
[0.159s] -- Found Python3: /usr/bin/python3 (found version "3.12.3") found components: Interpreter 
[0.281s] -- Found ament_lint_auto: 0.17.4 (/opt/ros/jazzy/share/ament_lint_auto/cmake)
[0.376s] -- Added test 'cppcheck' to perform static code analysis on C / C++ code
[0.376s] -- Configured cppcheck include dirs: 
[0.376s] -- Configured cppcheck exclude dirs and/or files: 
[0.378s] -- Added test 'flake8' to check Python code syntax and style conventions
[0.378s] -- Configured 'flake8' exclude dirs and/or files: 
[0.380s] -- Added test 'lint_cmake' to check CMake code style
[0.381s] -- Added test 'pep257' to check Python code against some of the docstring style conventions in PEP 257
[0.384s] -- Added test 'uncrustify' to check C / C++ code style
[0.384s] -- Configured uncrustify additional arguments: 
[0.386s] -- Added test 'xmllint' to check XML markup files
[0.388s] -- Configuring done (0.4s)
[0.392s] -- Generating done (0.0s)
[0.395s] -- Build files have been written to: /home/madkane/ros2_ws/src/clankers_robot_project/my_robot_nav/build/my_robot_nav
[0.397s] Invoked command in '/home/madkane/ros2_ws/src/clankers_robot_project/my_robot_nav/build/my_robot_nav' returned '0': CMAKE_PREFIX_PATH=${CMAKE_PREFIX_PATH}:/opt/ros/jazzy /usr/bin/cmake /home/madkane/ros2_ws/src/clankers_robot_project/my_robot_nav -DCMAKE_INSTALL_PREFIX=/home/madkane/ros2_ws/src/clankers_robot_project/my_robot_nav/install/my_robot_nav
[0.398s] Invoking command in '/home/madkane/ros2_ws/src/clankers_robot_project/my_robot_nav/build/my_robot_nav': CMAKE_PREFIX_PATH=${CMAKE_PREFIX_PATH}:/opt/ros/jazzy /usr/bin/cmake --build /home/madkane/ros2_ws/src/clankers_robot_project/my_robot_nav/build/my_robot_nav -- -j16 -l16
[0.430s] Invoked command in '/home/madkane/ros2_ws/src/clankers_robot_project/my_robot_nav/build/my_robot_nav' returned '0': CMAKE_PREFIX_PATH=${CMAKE_PREFIX_PATH}:/opt/ros/jazzy /usr/bin/cmake --build /home/madkane/ros2_ws/src/clankers_robot_project/my_robot_nav/build/my_robot_nav -- -j16 -l16
[0.438s] Invoking command in '/home/madkane/ros2_ws/src/clankers_robot_project/my_robot_nav/build/my_robot_nav': CMAKE_PREFIX_PATH=${CMAKE_PREFIX_PATH}:/opt/ros/jazzy /usr/bin/cmake --install /home/madkane/ros2_ws/src/clankers_robot_project/my_robot_nav/build/my_robot_nav
[0.444s] -- Install configuration: ""
[0.444s] -- Installing: /home/madkane/ros2_ws/src/clankers_robot_project/my_robot_nav/install/my_robot_nav/share/my_robot_nav/config
[0.444s] -- Installing: /home/madkane/ros2_ws/src/clankers_robot_project/my_robot_nav/install/my_robot_nav/share/my_robot_nav/config/nav2_params.yaml
[0.444s] -- Installing: /home/madkane/ros2_ws/src/clankers_robot_project/my_robot_nav/install/my_robot_nav/share/my_robot_nav/maps
[0.445s] -- Installing: /home/madkane/ros2_ws/src/clankers_robot_project/my_robot_nav/install/my_robot_nav/share/ament_index/resource_index/package_run_dependencies/my_robot_nav
[0.445s] -- Installing: /home/madkane/ros2_ws/src/clankers_robot_project/my_robot_nav/install/my_robot_nav/share/ament_index/resource_index/parent_prefix_path/my_robot_nav
[0.445s] -- Installing: /home/madkane/ros2_ws/src/clankers_robot_project/my_robot_nav/install/my_robot_nav/share/my_robot_nav/environment/ament_prefix_path.sh
[0.446s] -- Installing: /home/madkane/ros2_ws/src/clankers_robot_project/my_robot_nav/install/my_robot_nav/share/my_robot_nav/environment/ament_prefix_path.dsv
[0.446s] -- Installing: /home/madkane/ros2_ws/src/clankers_robot_project/my_robot_nav/install/my_robot_nav/share/my_robot_nav/environment/path.sh
[0.446s] -- Installing: /home/madkane/ros2_ws/src/clankers_robot_project/my_robot_nav/install/my_robot_nav/share/my_robot_nav/environment/path.dsv
[0.446s] -- Installing: /home/madkane/ros2_ws/src/clankers_robot_project/my_robot_nav/install/my_robot_nav/share/my_robot_nav/local_setup.bash
[0.446s] -- Installing: /home/madkane/ros2_ws/src/clankers_robot_project/my_robot_nav/install/my_robot_nav/share/my_robot_nav/local_setup.sh
[0.446s] -- Installing: /home/madkane/ros2_ws/src/clankers_robot_project/my_robot_nav/install/my_robot_nav/share/my_robot_nav/local_setup.zsh
[0.447s] -- Installing: /home/madkane/ros2_ws/src/clankers_robot_project/my_robot_nav/install/my_robot_nav/share/my_robot_nav/local_setup.dsv
[0.447s] -- Installing: /home/madkane/ros2_ws/src/clankers_robot_project/my_robot_nav/install/my_robot_nav/share/my_robot_nav/package.dsv
[0.447s] -- Installing: /home/madkane/ros2_ws/src/clankers_robot_project/my_robot_nav/install/my_robot_nav/share/ament_index/resource_index/packages/my_robot_nav
[0.447s] -- Installing: /home/madkane/ros2_ws/src/clankers_robot_project/my_robot_nav/install/my_robot_nav/share/my_robot_nav/cmake/my_robot_navConfig.cmake
[0.447s] -- Installing: /home/madkane/ros2_ws/src/clankers_robot_project/my_robot_nav/install/my_robot_nav/share/my_robot_nav/cmake/my_robot_navConfig-version.cmake
[0.447s] -- Installing: /home/madkane/ros2_ws/src/clankers_robot_project/my_robot_nav/install/my_robot_nav/share/my_robot_nav/package.xml
[0.449s] Invoked command in '/home/madkane/ros2_ws/src/clankers_robot_project/my_robot_nav/build/my_robot_nav' returned '0': CMAKE_PREFIX_PATH=${CMAKE_PREFIX_PATH}:/opt/ros/jazzy /usr/bin/cmake --install /home/madkane/ros2_ws/src/clankers_robot_project/my_robot_nav/build/my_robot_nav
