[0.016s] Invoking command in '/home/madkane/ros2_ws/src/clankers_robot_project/build/my_robot_nav': CMAKE_PREFIX_PATH=${CMAKE_PREFIX_PATH}:/home/madkane/ros2_ws/install/mission_planner:/opt/ros/jazzy /usr/bin/cmake /home/madkane/ros2_ws/src/clankers_robot_project/my_robot_nav -DCMAKE_INSTALL_PREFIX=/home/madkane/ros2_ws/src/clankers_robot_project/install/my_robot_nav
[0.230s] -- The C compiler identification is GNU 13.3.0
[0.838s] -- The CXX compiler identification is GNU 13.3.0
[1.326s] -- Detecting C compiler ABI info
[1.532s] -- Detecting C compiler ABI info - done
[1.538s] -- Check for working C compiler: /usr/bin/cc - skipped
[1.539s] -- Detecting C compile features
[1.540s] -- Detecting C compile features - done
[1.618s] -- Detecting CXX compiler ABI info
[1.839s] -- Detecting CXX compiler ABI info - done
[1.844s] -- Check for working CXX compiler: /usr/bin/c++ - skipped
[1.844s] -- Detecting CXX compile features
[1.844s] -- Detecting CXX compile features - done
[1.861s] -- Found ament_cmake: 2.5.5 (/opt/ros/jazzy/share/ament_cmake/cmake)
[1.967s] -- Found Python3: /usr/bin/python3 (found version "3.12.3") found components: Interpreter 
[2.075s] -- Found ament_lint_auto: 0.17.4 (/opt/ros/jazzy/share/ament_lint_auto/cmake)
[2.176s] -- Added test 'cppcheck' to perform static code analysis on C / C++ code
[2.176s] -- Configured cppcheck include dirs: 
[2.176s] -- Configured cppcheck exclude dirs and/or files: 
[2.178s] -- Added test 'flake8' to check Python code syntax and style conventions
[2.178s] -- Configured 'flake8' exclude dirs and/or files: 
[2.180s] -- Added test 'lint_cmake' to check CMake code style
[2.181s] -- Added test 'pep257' to check Python code against some of the docstring style conventions in PEP 257
[2.186s] -- Added test 'uncrustify' to check C / C++ code style
[2.186s] -- Configured uncrustify additional arguments: 
[2.187s] -- Added test 'xmllint' to check XML markup files
[2.189s] -- Configuring done (2.1s)
[2.194s] -- Generating done (0.0s)
[2.197s] -- Build files have been written to: /home/madkane/ros2_ws/src/clankers_robot_project/build/my_robot_nav
[2.200s] Invoked command in '/home/madkane/ros2_ws/src/clankers_robot_project/build/my_robot_nav' returned '0': CMAKE_PREFIX_PATH=${CMAKE_PREFIX_PATH}:/home/madkane/ros2_ws/install/mission_planner:/opt/ros/jazzy /usr/bin/cmake /home/madkane/ros2_ws/src/clankers_robot_project/my_robot_nav -DCMAKE_INSTALL_PREFIX=/home/madkane/ros2_ws/src/clankers_robot_project/install/my_robot_nav
[2.202s] Invoking command in '/home/madkane/ros2_ws/src/clankers_robot_project/build/my_robot_nav': CMAKE_PREFIX_PATH=${CMAKE_PREFIX_PATH}:/home/madkane/ros2_ws/install/mission_planner:/opt/ros/jazzy /usr/bin/cmake --build /home/madkane/ros2_ws/src/clankers_robot_project/build/my_robot_nav -- -j16 -l16
[2.232s] Invoked command in '/home/madkane/ros2_ws/src/clankers_robot_project/build/my_robot_nav' returned '0': CMAKE_PREFIX_PATH=${CMAKE_PREFIX_PATH}:/home/madkane/ros2_ws/install/mission_planner:/opt/ros/jazzy /usr/bin/cmake --build /home/madkane/ros2_ws/src/clankers_robot_project/build/my_robot_nav -- -j16 -l16
[2.241s] Invoking command in '/home/madkane/ros2_ws/src/clankers_robot_project/build/my_robot_nav': CMAKE_PREFIX_PATH=${CMAKE_PREFIX_PATH}:/home/madkane/ros2_ws/install/mission_planner:/opt/ros/jazzy /usr/bin/cmake --install /home/madkane/ros2_ws/src/clankers_robot_project/build/my_robot_nav
[2.247s] -- Install configuration: ""
[2.247s] -- Installing: /home/madkane/ros2_ws/src/clankers_robot_project/install/my_robot_nav/share/my_robot_nav/config
[2.248s] -- Installing: /home/madkane/ros2_ws/src/clankers_robot_project/install/my_robot_nav/share/my_robot_nav/config/nav2_params.yaml
[2.249s] -- Installing: /home/madkane/ros2_ws/src/clankers_robot_project/install/my_robot_nav/share/my_robot_nav/maps
[2.250s] -- Installing: /home/madkane/ros2_ws/src/clankers_robot_project/install/my_robot_nav/share/ament_index/resource_index/package_run_dependencies/my_robot_nav
[2.250s] -- Installing: /home/madkane/ros2_ws/src/clankers_robot_project/install/my_robot_nav/share/ament_index/resource_index/parent_prefix_path/my_robot_nav
[2.251s] -- Installing: /home/madkane/ros2_ws/src/clankers_robot_project/install/my_robot_nav/share/my_robot_nav/environment/ament_prefix_path.sh
[2.251s] -- Installing: /home/madkane/ros2_ws/src/clankers_robot_project/install/my_robot_nav/share/my_robot_nav/environment/ament_prefix_path.dsv
[2.251s] -- Installing: /home/madkane/ros2_ws/src/clankers_robot_project/install/my_robot_nav/share/my_robot_nav/environment/path.sh
[2.251s] -- Installing: /home/madkane/ros2_ws/src/clankers_robot_project/install/my_robot_nav/share/my_robot_nav/environment/path.dsv
[2.251s] -- Installing: /home/madkane/ros2_ws/src/clankers_robot_project/install/my_robot_nav/share/my_robot_nav/local_setup.bash
[2.251s] -- Installing: /home/madkane/ros2_ws/src/clankers_robot_project/install/my_robot_nav/share/my_robot_nav/local_setup.sh
[2.251s] -- Installing: /home/madkane/ros2_ws/src/clankers_robot_project/install/my_robot_nav/share/my_robot_nav/local_setup.zsh
[2.251s] -- Installing: /home/madkane/ros2_ws/src/clankers_robot_project/install/my_robot_nav/share/my_robot_nav/local_setup.dsv
[2.251s] -- Installing: /home/madkane/ros2_ws/src/clankers_robot_project/install/my_robot_nav/share/my_robot_nav/package.dsv
[2.252s] -- Installing: /home/madkane/ros2_ws/src/clankers_robot_project/install/my_robot_nav/share/ament_index/resource_index/packages/my_robot_nav
[2.252s] -- Installing: /home/madkane/ros2_ws/src/clankers_robot_project/install/my_robot_nav/share/my_robot_nav/cmake/my_robot_navConfig.cmake
[2.252s] -- Installing: /home/madkane/ros2_ws/src/clankers_robot_project/install/my_robot_nav/share/my_robot_nav/cmake/my_robot_navConfig-version.cmake
[2.252s] -- Installing: /home/madkane/ros2_ws/src/clankers_robot_project/install/my_robot_nav/share/my_robot_nav/package.xml
[2.254s] Invoked command in '/home/madkane/ros2_ws/src/clankers_robot_project/build/my_robot_nav' returned '0': CMAKE_PREFIX_PATH=${CMAKE_PREFIX_PATH}:/home/madkane/ros2_ws/install/mission_planner:/opt/ros/jazzy /usr/bin/cmake --install /home/madkane/ros2_ws/src/clankers_robot_project/build/my_robot_nav
